2024-05-06 16:38:50 Loading main app package /usr/lib/obsidian/obsidian.asar
2024-05-06 16:38:50 Checking for update using Github
2024-05-06 16:38:50 Success.
2024-05-06 16:38:50 Latest version is 1.5.12
2024-05-06 16:38:50 App is up to date.
2024-05-06 17:34:53 Loading main app package /usr/lib/obsidian/obsidian.asar
2024-05-06 17:34:53 Checking for update using Github
2024-05-06 17:34:53 Success.
2024-05-06 17:34:53 Latest version is 1.5.12
2024-05-06 17:34:53 App is up to date.
2024-05-06 18:00:21 Loading main app package /usr/lib/obsidian/obsidian.asar
2024-05-06 18:00:21 Checking for update using Github
2024-05-06 18:00:21 Success.
2024-05-06 18:00:21 Latest version is 1.5.12
2024-05-06 18:00:21 App is up to date.
2024-05-07 08:11:22 Loading main app package /usr/lib/obsidian/obsidian.asar
2024-05-07 08:11:23 Checking for update using Github
2024-05-07 08:11:23 Success.
2024-05-07 08:11:23 Latest version is 1.5.12
2024-05-07 08:11:23 App is up to date.
2024-05-09 12:34:20 Loading main app package /usr/lib/obsidian/obsidian.asar
2024-05-09 12:34:20 Checking for update using Github
2024-05-09 12:34:21 Success.
2024-05-09 12:34:21 Latest version is 1.5.12
2024-05-09 12:34:21 App is up to date.
2024-05-09 12:39:13 Loading main app package /usr/lib/obsidian/obsidian.asar
2024-05-09 12:39:13 Checking for update using Github
2024-05-09 12:39:13 Success.
2024-05-09 12:39:13 Latest version is 1.5.12
2024-05-09 12:39:13 App is up to date.
2024-05-09 12:53:21 Loading main app package /usr/lib/obsidian/obsidian.asar
2024-05-09 12:53:21 Checking for update using Github
2024-05-09 12:53:21 Success.
2024-05-09 12:53:21 Latest version is 1.5.12
2024-05-09 12:53:21 App is up to date.
2024-05-10 08:53:52 Loading main app package /usr/lib/obsidian/obsidian.asar
2024-05-10 08:53:52 Checking for update using Github
2024-05-10 08:53:52 Success.
2024-05-10 08:53:52 Latest version is 1.5.12
2024-05-10 08:53:52 App is up to date.
2024-05-10 08:55:24 Loading main app package /usr/lib/obsidian/obsidian.asar
2024-05-10 08:55:24 Checking for update using Github
2024-05-11 08:00:19 Loading main app package /usr/lib/obsidian/obsidian.asar
2024-05-11 08:00:19 Checking for update using Github
2024-05-11 08:00:19 Success.
2024-05-11 08:00:19 Latest version is 1.5.12
2024-05-11 08:00:19 App is up to date.
2024-05-11 09:00:19 Checking for update using Github
2024-05-11 09:00:19 Success.
2024-05-11 09:00:19 Latest version is 1.5.12
2024-05-11 09:00:19 App is up to date.
2024-05-12 10:03:34 Loading main app package /usr/lib/obsidian/obsidian.asar
2024-05-12 10:03:34 Checking for update using Github
2024-05-12 10:03:34 Success.
2024-05-12 10:03:34 Latest version is 1.5.12
2024-05-12 10:03:34 App is up to date.
2024-05-12 11:54:42 Loading main app package /usr/lib/obsidian/obsidian.asar
2024-05-12 11:54:42 Checking for update using Github
2024-05-12 11:54:42 Success.
2024-05-12 11:54:42 Latest version is 1.5.12
2024-05-12 11:54:42 App is up to date.
2024-05-12 14:50:13 Loading main app package /usr/lib/obsidian/obsidian.asar
2024-05-12 14:50:14 Checking for update using Github
2024-05-12 14:50:14 Success.
2024-05-12 14:50:14 Latest version is 1.5.12
2024-05-12 14:50:14 App is up to date.
2024-05-12 15:22:34 Loading main app package /usr/lib/obsidian/obsidian.asar
2024-05-12 15:22:34 Checking for update using Github
2024-05-12 15:22:50 Loading main app package /usr/lib/obsidian/obsidian.asar
2024-05-12 15:22:51 Checking for update using Github
2024-05-12 16:17:55 Loading main app package /usr/lib/obsidian/obsidian.asar
2024-05-12 16:17:55 Checking for update using Github
2024-05-12 16:17:55 Success.
2024-05-12 16:17:55 Latest version is 1.5.12
2024-05-12 16:17:55 App is up to date.
2024-05-12 17:17:55 Checking for update using Github
2024-05-12 17:17:55 Success.
2024-05-12 17:17:55 Latest version is 1.5.12
2024-05-12 17:17:55 App is up to date.
2024-05-13 13:39:33 Loading main app package /usr/lib/obsidian/obsidian.asar
2024-05-13 13:39:33 Checking for update using Github
2024-05-13 13:39:34 Success.
2024-05-13 13:39:34 Latest version is 1.5.12
2024-05-13 13:39:34 App is up to date.
2024-05-13 14:21:28 Loading main app package /usr/lib/obsidian/obsidian.asar
2024-05-13 14:21:28 Checking for update using Github
2024-05-13 14:21:28 Success.
2024-05-13 14:21:28 Latest version is 1.5.12
2024-05-13 14:21:28 App is up to date.
2024-05-13 16:08:42 Loading main app package /usr/lib/obsidian/obsidian.asar
2024-05-13 16:08:42 Checking for update using Github
2024-05-13 16:08:42 Success.
2024-05-13 16:08:42 Latest version is 1.5.12
2024-05-13 16:08:42 App is up to date.
2024-05-13 22:25:00 Loading main app package /usr/lib/obsidian/obsidian.asar
2024-05-13 22:25:00 Checking for update using Github
2024-05-13 22:25:01 Success.
2024-05-13 22:25:01 Latest version is 1.5.12
2024-05-13 22:25:01 App is up to date.
2024-05-13 22:26:51 Loading main app package /usr/lib/obsidian/obsidian.asar
2024-05-13 22:26:51 Checking for update using Github
2024-05-13 22:26:51 Success.
2024-05-13 22:26:51 Latest version is 1.5.12
2024-05-13 22:26:51 App is up to date.
2024-05-14 06:40:55 Loading main app package /usr/lib/obsidian/obsidian.asar
2024-05-14 06:40:56 Checking for update using Github
2024-05-14 06:41:01 Success.
2024-05-14 06:41:01 Latest version is 1.5.12
2024-05-14 06:41:01 App is up to date.
2024-05-15 06:34:42 Loading main app package /usr/lib/obsidian/obsidian.asar
2024-05-15 06:34:43 Checking for update using Github
2024-05-15 06:34:46 Success.
2024-05-15 06:34:46 Latest version is 1.5.12
2024-05-15 06:34:46 App is up to date.
2024-05-15 06:43:23 Loading main app package /usr/lib/obsidian/obsidian.asar
2024-05-15 06:43:23 Checking for update using Github
2024-05-15 06:43:23 Success.
2024-05-15 06:43:23 Latest version is 1.5.12
2024-05-15 06:43:23 App is up to date.
2024-05-15 08:17:34 Loading main app package /usr/lib/obsidian/obsidian.asar
2024-05-15 08:17:35 Checking for update using Github
2024-05-15 08:17:35 Success.
2024-05-15 08:17:35 Latest version is 1.5.12
2024-05-15 08:17:35 App is up to date.
2024-05-17 11:39:12 Loading main app package /usr/lib/obsidian/obsidian.asar
2024-05-17 11:39:12 Checking for update using Github
2024-05-17 11:39:12 Failed to check for update using Github (net::ERR_NAME_NOT_RESOLVED)
2024-05-17 11:39:12 Checking for update using obsidian.md
2024-05-17 11:39:12 Failed to check for update using obsidian.md (net::ERR_NAME_NOT_RESOLVED)
2024-05-17 12:48:58 Loading main app package /usr/lib/obsidian/obsidian.asar
2024-05-17 12:48:59 Checking for update using Github
2024-05-17 12:48:59 Success.
2024-05-17 12:48:59 Latest version is 1.5.12
2024-05-17 12:48:59 App is up to date.
2024-05-17 14:02:26 Loading main app package /usr/lib/obsidian/obsidian.asar
2024-05-17 14:02:26 Checking for update using Github
2024-05-17 14:02:26 Success.
2024-05-17 14:02:26 Latest version is 1.5.12
2024-05-17 14:02:26 App is up to date.
2024-05-17 15:02:26 Checking for update using Github
2024-05-17 15:02:26 Success.
2024-05-17 15:02:26 Latest version is 1.5.12
2024-05-17 15:02:26 App is up to date.
2024-05-17 19:49:36 Loading main app package /usr/lib/obsidian/obsidian.asar
2024-05-17 19:49:36 Checking for update using Github
2024-05-17 19:49:37 Success.
2024-05-17 19:49:37 Latest version is 1.5.12
2024-05-17 19:49:37 App is up to date.
2024-05-17 20:27:21 Loading main app package /usr/lib/obsidian/obsidian.asar
2024-05-17 20:27:22 Checking for update using Github
2024-05-17 20:27:22 Success.
2024-05-17 20:27:22 Latest version is 1.5.12
2024-05-17 20:27:22 App is up to date.
2024-05-17 20:30:33 Loading main app package /usr/lib/obsidian/obsidian.asar
2024-05-17 20:30:33 Checking for update using Github
2024-05-17 20:50:07 Loading main app package /usr/lib/obsidian/obsidian.asar
2024-05-17 20:50:07 Checking for update using Github
2024-05-17 20:50:07 Success.
2024-05-17 20:50:07 Latest version is 1.5.12
2024-05-17 20:50:07 App is up to date.
2024-05-18 08:27:52 Loading main app package /usr/lib/obsidian/obsidian.asar
2024-05-18 08:27:52 Checking for update using Github
2024-05-18 08:27:53 Success.
2024-05-18 08:27:53 Latest version is 1.5.12
2024-05-18 08:27:53 App is up to date.
2024-05-18 09:27:52 Checking for update using Github
2024-05-18 09:27:52 Success.
2024-05-18 09:27:52 Latest version is 1.5.12
2024-05-18 09:27:52 App is up to date.
2024-05-18 10:27:52 Checking for update using Github
2024-05-18 10:27:52 Success.
2024-05-18 10:27:52 Latest version is 1.5.12
2024-05-18 10:27:52 App is up to date.
2024-05-18 11:27:52 Checking for update using Github
2024-05-18 11:27:52 Success.
2024-05-18 11:27:52 Latest version is 1.5.12
2024-05-18 11:27:52 App is up to date.
2024-05-18 13:47:24 Loading main app package /usr/lib/obsidian/obsidian.asar
2024-05-18 13:47:24 Checking for update using Github
2024-05-18 13:47:24 Success.
2024-05-18 13:47:24 Latest version is 1.5.12
2024-05-18 13:47:24 App is up to date.
2024-05-18 14:05:37 Loading main app package /usr/lib/obsidian/obsidian.asar
2024-05-18 14:05:37 Checking for update using Github
2024-05-18 14:05:37 Success.
2024-05-18 14:05:37 Latest version is 1.5.12
2024-05-18 14:05:37 App is up to date.
2024-05-18 20:44:25 Loading main app package /usr/lib/obsidian/obsidian.asar
2024-05-18 20:44:25 Checking for update using Github
2024-05-18 20:44:25 Success.
2024-05-18 20:44:25 Latest version is 1.5.12
2024-05-18 20:44:25 App is up to date.
2024-05-18 22:00:23 Loading main app package /usr/lib/obsidian/obsidian.asar
2024-05-18 22:00:23 Checking for update using Github
2024-05-18 22:00:23 Success.
2024-05-18 22:00:23 Latest version is 1.5.12
2024-05-18 22:00:23 App is up to date.
2024-05-18 22:25:06 Loading main app package /usr/lib/obsidian/obsidian.asar
2024-05-18 22:25:06 Checking for update using Github
2024-05-18 22:25:06 Success.
2024-05-18 22:25:06 Latest version is 1.5.12
2024-05-18 22:25:06 App is up to date.
2024-05-19 08:12:13 Loading main app package /usr/lib/obsidian/obsidian.asar
2024-05-19 08:12:14 Checking for update using Github
2024-05-19 08:12:14 Success.
2024-05-19 08:12:14 Latest version is 1.5.12
2024-05-19 08:12:14 App is up to date.
2024-05-19 10:30:35 Checking for update using Github
2024-05-19 10:30:35 Success.
2024-05-19 10:30:35 Latest version is 1.5.12
2024-05-19 10:30:35 App is up to date.
2024-05-19 20:35:48 Loading main app package /usr/lib/obsidian/obsidian.asar
2024-05-19 20:35:48 Checking for update using Github
2024-05-19 20:35:48 Success.
2024-05-19 20:35:48 Latest version is 1.5.12
2024-05-19 20:35:48 App is up to date.
2024-05-19 21:53:41 Loading main app package /usr/lib/obsidian/obsidian.asar
2024-05-19 21:53:42 Checking for update using Github
2024-05-19 21:53:42 Success.
2024-05-19 21:53:42 Latest version is 1.5.12
2024-05-19 21:53:42 App is up to date.
2024-05-19 22:53:41 Checking for update using Github
2024-05-19 22:53:41 Success.
2024-05-19 22:53:41 Latest version is 1.5.12
2024-05-19 22:53:41 App is up to date.
2024-05-20 09:36:46 Loading main app package /usr/lib/obsidian/obsidian.asar
2024-05-20 09:36:46 Checking for update using Github
2024-05-20 09:36:46 Success.
2024-05-20 09:36:46 Latest version is 1.5.12
2024-05-20 09:36:46 App is up to date.
2024-05-20 10:36:46 Checking for update using Github
2024-05-20 10:36:46 Success.
2024-05-20 10:36:46 Latest version is 1.5.12
2024-05-20 10:36:46 App is up to date.
2024-05-20 11:36:46 Checking for update using Github
2024-05-20 11:36:46 Success.
2024-05-20 11:36:46 Latest version is 1.5.12
2024-05-20 11:36:46 App is up to date.
2024-05-20 12:06:24 Loading main app package /usr/lib/obsidian/obsidian.asar
2024-05-20 12:06:24 Checking for update using Github
2024-05-20 12:06:25 Success.
2024-05-20 12:06:25 Latest version is 1.5.12
2024-05-20 12:06:25 App is up to date.
2024-05-20 14:52:42 Loading main app package /usr/lib/obsidian/obsidian.asar
2024-05-20 14:52:42 Checking for update using Github
2024-05-20 14:52:42 Success.
2024-05-20 14:52:42 Latest version is 1.5.12
2024-05-20 14:52:42 App is up to date.
2024-05-20 15:19:16 Loading main app package /usr/lib/obsidian/obsidian.asar
2024-05-20 15:19:16 Checking for update using Github
2024-05-20 15:19:16 Success.
2024-05-20 15:19:16 Latest version is 1.5.12
2024-05-20 15:19:16 App is up to date.
2024-05-20 15:54:34 Loading main app package /usr/lib/obsidian/obsidian.asar
2024-05-20 15:54:35 Checking for update using Github
2024-05-20 15:54:35 Success.
2024-05-20 15:54:35 Latest version is 1.5.12
2024-05-20 15:54:35 App is up to date.
2024-05-20 17:33:40 Loading main app package /usr/lib/obsidian/obsidian.asar
2024-05-20 17:33:41 Checking for update using Github
2024-05-20 17:33:54 Loading main app package /usr/lib/obsidian/obsidian.asar
2024-05-20 17:33:54 Checking for update using Github
2024-05-20 17:33:54 Success.
2024-05-20 17:33:54 Latest version is 1.5.12
2024-05-20 17:33:54 App is up to date.
2024-05-20 18:31:49 Loading main app package /usr/lib/obsidian/obsidian.asar
2024-05-20 18:31:49 Checking for update using Github
2024-05-20 18:31:50 Success.
2024-05-20 18:31:50 Latest version is 1.5.12
2024-05-20 18:31:50 App is up to date.
2024-05-20 19:02:48 Loading main app package /usr/lib/obsidian/obsidian.asar
2024-05-20 19:02:48 Checking for update using Github
2024-05-20 19:02:49 Success.
2024-05-20 19:02:49 Latest version is 1.5.12
2024-05-20 19:02:49 App is up to date.
2024-05-20 19:22:30 Loading main app package /usr/lib/obsidian/obsidian.asar
2024-05-20 19:22:30 Checking for update using Github
2024-05-20 19:22:30 Success.
2024-05-20 19:22:30 Latest version is 1.5.12
2024-05-20 19:22:30 App is up to date.
2024-05-21 20:53:20 Loading main app package /usr/lib/obsidian/obsidian.asar
2024-05-21 20:53:21 Checking for update using Github
2024-05-21 20:53:21 Success.
2024-05-21 20:53:21 Latest version is 1.5.12
2024-05-21 20:53:21 App is up to date.
2024-05-22 06:37:55 Loading main app package /usr/lib/obsidian/obsidian.asar
2024-05-22 06:37:55 Checking for update using Github
2024-05-22 06:37:56 Success.
2024-05-22 06:37:56 Latest version is 1.5.12
2024-05-22 06:37:56 App is up to date.
2024-05-22 08:59:05 Loading main app package /usr/lib/obsidian/obsidian.asar
2024-05-22 08:59:05 Checking for update using Github
2024-05-22 08:59:05 Success.
2024-05-22 08:59:05 Latest version is 1.5.12
2024-05-22 08:59:05 App is up to date.
2024-05-22 14:59:12 Loading main app package /usr/lib/obsidian/obsidian.asar
2024-05-22 14:59:12 Checking for update using Github
2024-05-22 14:59:12 Success.
2024-05-22 14:59:12 Latest version is 1.5.12
2024-05-22 14:59:12 App is up to date.
2024-05-22 15:04:14 Loading main app package /usr/lib/obsidian/obsidian.asar
2024-05-22 15:04:14 Checking for update using Github
2024-05-22 15:59:12 Checking for update using Github
2024-05-22 15:59:12 Success.
2024-05-22 15:59:12 Latest version is 1.5.12
2024-05-22 15:59:12 App is up to date.
2024-05-22 16:59:12 Checking for update using Github
2024-05-22 16:59:12 Success.
2024-05-22 16:59:12 Latest version is 1.5.12
2024-05-22 16:59:12 App is up to date.
2024-05-23 11:33:29 Loading main app package /usr/lib/obsidian/obsidian.asar
2024-05-23 11:33:30 Checking for update using Github
2024-05-23 11:33:33 Success.
2024-05-23 11:33:33 Latest version is 1.5.12
2024-05-23 11:33:33 App is up to date.
2024-05-23 12:48:44 Loading main app package /usr/lib/obsidian/obsidian.asar
2024-05-23 12:48:44 Checking for update using Github
2024-05-23 12:48:44 Success.
2024-05-23 12:48:44 Latest version is 1.5.12
2024-05-23 12:48:44 App is up to date.
2024-05-23 13:15:39 Loading main app package /usr/lib/obsidian/obsidian.asar
2024-05-23 13:15:40 Checking for update using Github
2024-05-23 13:15:40 Success.
2024-05-23 13:15:40 Latest version is 1.5.12
2024-05-23 13:15:40 App is up to date.
2024-05-23 19:13:39 Loading main app package /usr/lib/obsidian/obsidian.asar
2024-05-23 19:13:39 Checking for update using Github
2024-05-23 19:13:39 Success.
2024-05-23 19:13:39 Latest version is 1.5.12
2024-05-23 19:13:39 App is up to date.
2024-05-27 13:37:28 Loading main app package /usr/lib/obsidian/obsidian.asar
2024-05-27 13:37:28 Checking for update using Github
2024-05-27 13:37:29 Success.
2024-05-27 13:37:29 Latest version is 1.5.12
2024-05-27 13:37:29 App is up to date.
2024-05-27 21:15:41 Loading main app package /usr/lib/obsidian/obsidian.asar
2024-05-27 21:15:41 Checking for update using Github
2024-05-27 21:15:41 Success.
2024-05-27 21:15:41 Latest version is 1.5.12
2024-05-27 21:15:41 App is up to date.
2024-05-29 06:35:26 Loading main app package /usr/lib/obsidian/obsidian.asar
2024-05-29 06:35:27 Checking for update using Github
2024-05-29 06:35:27 Success.
2024-05-29 06:35:27 Latest version is 1.5.12
2024-05-29 06:35:27 App is up to date.
2024-05-29 07:04:15 Loading main app package /usr/lib/obsidian/obsidian.asar
2024-05-29 07:04:15 Checking for update using Github
2024-05-29 07:04:15 Success.
2024-05-29 07:04:15 Latest version is 1.5.12
2024-05-29 07:04:15 App is up to date.
2024-05-29 07:30:35 Loading main app package /usr/lib/obsidian/obsidian.asar
2024-05-29 07:30:35 Checking for update using Github
2024-05-29 07:30:35 Success.
2024-05-29 07:30:35 Latest version is 1.5.12
2024-05-29 07:30:35 App is up to date.
2024-05-29 18:04:43 Loading main app package /usr/lib/obsidian/obsidian.asar
2024-05-29 18:04:43 Checking for update using Github
2024-05-29 18:04:43 Success.
2024-05-29 18:04:43 Latest version is 1.5.12
2024-05-29 18:04:43 App is up to date.
2024-05-29 19:31:59 Loading main app package /usr/lib/obsidian/obsidian.asar
2024-05-29 19:31:59 Checking for update using Github
2024-05-29 19:31:59 Success.
2024-05-29 19:31:59 Latest version is 1.5.12
2024-05-29 19:31:59 App is up to date.
2024-05-29 21:13:02 Loading main app package /usr/lib/obsidian/obsidian.asar
2024-05-29 21:13:03 Checking for update using Github
2024-05-29 21:13:03 Success.
2024-05-29 21:13:03 Latest version is 1.5.12
2024-05-29 21:13:03 App is up to date.
2024-05-29 21:14:35 Loading main app package /usr/lib/obsidian/obsidian.asar
2024-05-29 21:14:35 Checking for update using Github
2024-05-29 21:14:35 Success.
2024-05-29 21:14:35 Latest version is 1.5.12
2024-05-29 21:14:35 App is up to date.
2024-05-29 21:16:02 Loading main app package /usr/lib/obsidian/obsidian.asar
2024-05-29 21:16:02 Checking for update using Github
2024-05-29 21:16:02 Success.
2024-05-29 21:16:02 Latest version is 1.5.12
2024-05-29 21:16:02 App is up to date.
2024-05-30 12:06:53 Loading main app package /usr/lib/obsidian/obsidian.asar
2024-05-30 12:06:53 Checking for update using Github
2024-05-30 12:06:54 Success.
2024-05-30 12:06:54 Latest version is 1.5.12
2024-05-30 12:06:54 App is up to date.
2024-05-30 15:17:17 Loading main app package /usr/lib/obsidian/obsidian.asar
2024-05-30 15:17:18 Checking for update using Github
2024-05-30 15:17:18 Success.
2024-05-30 15:17:18 Latest version is 1.5.12
2024-05-30 15:17:18 App is up to date.
2024-05-30 20:03:54 Loading main app package /usr/lib/obsidian/obsidian.asar
2024-05-30 20:03:54 Checking for update using Github
2024-05-30 20:03:54 Success.
2024-05-30 20:03:54 Latest version is 1.5.12
2024-05-30 20:03:54 App is up to date.
2024-05-30 20:29:44 Loading main app package /usr/lib/obsidian/obsidian.asar
2024-05-30 20:29:44 Checking for update using Github
2024-05-31 07:29:16 Loading main app package /usr/lib/obsidian/obsidian.asar
2024-05-31 07:29:16 Checking for update using Github
2024-05-31 07:29:17 Success.
2024-05-31 07:29:17 Latest version is 1.5.12
2024-05-31 07:29:17 App is up to date.
2024-06-03 13:37:18 Loading main app package /usr/lib/obsidian/obsidian.asar
2024-06-03 13:37:19 Checking for update using Github
2024-06-03 13:37:19 Success.
2024-06-03 13:37:19 Latest version is 1.5.12
2024-06-03 13:37:19 App is up to date.
2024-06-05 06:35:49 Loading main app package /usr/lib/obsidian/obsidian.asar
2024-06-05 06:35:50 Checking for update using Github
2024-06-05 06:35:50 Success.
2024-06-05 06:35:50 Latest version is 1.5.12
2024-06-05 06:35:50 App is up to date.
2024-06-06 08:41:27 Loading main app package /usr/lib/obsidian/obsidian.asar
2024-06-06 08:41:28 Checking for update using Github
2024-06-06 08:41:29 Success.
2024-06-06 08:41:29 Latest version is 1.5.12
2024-06-06 08:41:29 App is up to date.
2024-06-06 18:55:32 Loading main app package /usr/lib/obsidian/obsidian.asar
2024-06-06 18:55:33 Checking for update using Github
2024-06-06 18:55:33 Success.
2024-06-06 18:55:33 Latest version is 1.5.12
2024-06-06 18:55:33 App is up to date.
2024-06-07 11:47:02 Loading main app package /usr/lib/obsidian/obsidian.asar
2024-06-07 11:47:02 Checking for update using Github
2024-06-07 11:47:03 Success.
2024-06-07 11:47:03 Latest version is 1.5.12
2024-06-07 11:47:03 App is up to date.
2024-06-07 11:47:06 Loading main app package /usr/lib/obsidian/obsidian.asar
2024-06-07 11:47:07 Checking for update using Github
2024-06-07 11:47:07 Success.
2024-06-07 11:47:07 Latest version is 1.5.12
2024-06-07 11:47:07 App is up to date.
2024-06-07 12:18:35 Loading main app package /usr/lib/obsidian/obsidian.asar
2024-06-07 12:18:35 Checking for update using Github
2024-06-07 12:18:35 Success.
2024-06-07 12:18:35 Latest version is 1.5.12
2024-06-07 12:18:35 App is up to date.
2024-06-09 13:59:58 Loading main app package /usr/lib/obsidian/obsidian.asar
2024-06-17 07:44:37 Loading main app package /usr/lib/obsidian/obsidian.asar
2024-06-17 07:44:37 Checking for update using Github
2024-06-17 07:44:38 Success.
2024-06-17 07:44:38 Latest version is 1.6.3
2024-06-17 07:44:38 App is up to date.
2024-06-17 09:26:54 Loading main app package /usr/lib/obsidian/obsidian.asar
2024-06-17 09:26:54 Checking for update using Github
2024-06-17 09:26:54 Success.
2024-06-17 09:26:54 Latest version is 1.6.3
2024-06-17 09:26:54 App is up to date.
2024-06-17 12:18:23 Loading main app package /usr/lib/obsidian/obsidian.asar
2024-06-17 12:18:24 Checking for update using Github
2024-06-17 12:18:24 Success.
2024-06-17 12:18:24 Latest version is 1.6.3
2024-06-17 12:18:24 App is up to date.
2024-06-17 13:41:00 Loading main app package /usr/lib/obsidian/obsidian.asar
2024-06-17 13:41:01 Checking for update using Github
2024-06-17 13:41:01 Success.
2024-06-17 13:41:01 Latest version is 1.6.3
2024-06-17 13:41:01 App is up to date.
2024-06-18 00:26:28 Loading main app package /usr/lib/obsidian/obsidian.asar
2024-06-18 00:26:29 Checking for update using Github
2024-06-18 00:26:29 Success.
2024-06-18 00:26:29 Latest version is 1.6.3
2024-06-18 00:26:29 App is up to date.
2024-06-18 00:28:57 Loading main app package /usr/lib/obsidian/obsidian.asar
2024-06-18 00:28:58 Checking for update using Github
2024-06-18 00:28:58 Success.
2024-06-18 00:28:58 Latest version is 1.6.3
2024-06-18 00:28:58 App is up to date.
2024-06-18 01:28:57 Checking for update using Github
2024-06-18 01:28:58 Success.
2024-06-18 01:28:58 Latest version is 1.6.3
2024-06-18 01:28:58 App is up to date.
2024-06-18 10:26:48 Loading main app package /usr/lib/obsidian/obsidian.asar
2024-06-18 10:26:48 Checking for update using Github
2024-06-18 10:26:48 Success.
2024-06-18 10:26:48 Latest version is 1.6.3
2024-06-18 10:26:48 App is up to date.
2024-06-18 11:33:00 Checking for update using Github
2024-06-18 11:33:00 Success.
2024-06-18 11:33:00 Latest version is 1.6.3
2024-06-18 11:33:00 App is up to date.
2024-06-21 08:48:50 Loading main app package /usr/lib/obsidian/obsidian.asar
2024-06-21 08:48:50 Checking for update using Github
2024-06-21 08:48:50 Success.
2024-06-21 08:48:50 Latest version is 1.6.3
2024-06-21 08:48:50 App is up to date.
2024-06-21 08:50:20 Loading main app package /usr/lib/obsidian/obsidian.asar
2024-06-21 08:50:20 Checking for update using Github
2024-06-21 08:50:20 Success.
2024-06-21 08:50:20 Latest version is 1.6.3
2024-06-21 08:50:20 App is up to date.
2024-06-21 13:07:02 Loading main app package /usr/lib/obsidian/obsidian.asar
2024-06-21 13:07:02 Checking for update using Github
2024-06-21 13:07:02 Success.
2024-06-21 13:07:02 Latest version is 1.6.3
2024-06-21 13:07:02 App is up to date.
2024-06-23 17:17:45 Loading main app package /usr/lib/obsidian/obsidian.asar
2024-06-23 17:17:45 Checking for update using Github
2024-06-23 17:17:46 Success.
2024-06-23 17:17:46 Latest version is 1.6.3
2024-06-23 17:17:46 App is up to date.
2024-06-24 17:28:06 Loading main app package /usr/lib/obsidian/obsidian.asar
2024-06-24 17:28:07 Checking for update using Github
2024-06-24 17:28:07 Success.
2024-06-24 17:28:07 Latest version is 1.6.3
2024-06-24 17:28:07 App is up to date.
2024-06-25 10:54:38 Loading main app package /usr/lib/obsidian/obsidian.asar
2024-06-25 10:54:38 Checking for update using Github
2024-06-25 10:54:38 Success.
2024-06-25 10:54:38 Latest version is 1.6.3
2024-06-25 10:54:38 App is up to date.
2024-06-26 16:13:33 Loading main app package /usr/lib/obsidian/obsidian.asar
2024-06-26 16:13:34 Checking for update using Github
2024-06-26 16:13:34 Success.
2024-06-26 16:13:34 Latest version is 1.6.5
2024-06-26 16:13:34 App is up to date.
2024-06-26 16:17:10 Loading main app package /usr/lib/obsidian/obsidian.asar
2024-06-26 16:17:10 Checking for update using Github
2024-06-26 16:17:10 Success.
2024-06-26 16:17:10 Latest version is 1.6.5
2024-06-26 16:17:10 App is up to date.
2024-06-26 16:22:47 Loading main app package /usr/lib/obsidian/obsidian.asar
2024-06-26 16:22:48 Checking for update using Github
2024-06-26 16:22:48 Success.
2024-06-26 16:22:48 Latest version is 1.6.5
2024-06-26 16:22:48 App is up to date.
2024-06-26 16:27:57 Loading main app package /usr/lib/obsidian/obsidian.asar
2024-06-26 16:27:58 Checking for update using Github
2024-06-26 16:27:58 Success.
2024-06-26 16:27:58 Latest version is 1.6.5
2024-06-26 16:27:58 App is up to date.
2024-06-27 09:16:57 Loading main app package /usr/lib/obsidian/obsidian.asar
2024-06-27 09:16:57 Checking for update using Github
2024-06-27 09:16:58 Success.
2024-06-27 09:16:58 Latest version is 1.6.5
2024-06-27 09:16:58 App is up to date.
2024-06-27 10:16:57 Checking for update using Github
2024-06-27 10:16:57 Success.
2024-06-27 10:16:57 Latest version is 1.6.5
2024-06-27 10:16:57 App is up to date.
2024-06-27 13:22:11 Loading main app package /usr/lib/obsidian/obsidian.asar
2024-06-27 13:22:11 Checking for update using Github
2024-06-27 13:22:12 Success.
2024-06-27 13:22:12 Latest version is 1.6.5
2024-06-27 13:22:12 App is up to date.
2024-06-28 07:46:14 Loading main app package /usr/lib/obsidian/obsidian.asar
2024-06-28 07:46:14 Checking for update using Github
2024-06-28 07:46:15 Success.
2024-06-28 07:46:15 Latest version is 1.6.5
2024-06-28 07:46:15 App is up to date.
2024-06-28 13:28:33 Loading main app package /usr/lib/obsidian/obsidian.asar
2024-06-28 13:28:33 Checking for update using Github
2024-06-28 13:28:33 Success.
2024-06-28 13:28:33 Latest version is 1.6.5
2024-06-28 13:28:33 App is up to date.
2024-06-28 14:28:33 Checking for update using Github
2024-06-28 14:28:33 Success.
2024-06-28 14:28:33 Latest version is 1.6.5
2024-06-28 14:28:33 App is up to date.
2024-06-28 20:50:39 Loading main app package /usr/lib/obsidian/obsidian.asar
2024-06-28 20:50:40 Checking for update using Github
2024-06-28 20:50:40 Success.
2024-06-28 20:50:40 Latest version is 1.6.5
2024-06-28 20:50:40 App is up to date.
2024-06-30 09:24:57 Loading main app package /usr/lib/obsidian/obsidian.asar
2024-06-30 09:24:58 Checking for update using Github
2024-06-30 09:24:58 Success.
2024-06-30 09:24:58 Latest version is 1.6.5
2024-06-30 09:24:58 App is up to date.
2024-06-30 09:29:00 Loading main app package /usr/lib/obsidian/obsidian.asar
2024-06-30 09:29:01 Checking for update using Github
2024-06-30 09:29:01 Success.
2024-06-30 09:29:01 Latest version is 1.6.5
2024-06-30 09:29:01 App is up to date.
2024-06-30 09:29:39 Loading main app package /usr/lib/obsidian/obsidian.asar
2024-06-30 09:29:40 Checking for update using Github
2024-06-30 09:29:40 Success.
2024-06-30 09:29:40 Latest version is 1.6.5
2024-06-30 09:29:40 App is up to date.
2024-06-30 12:15:04 Loading main app package /usr/lib/obsidian/obsidian.asar
2024-06-30 12:15:05 Checking for update using Github
2024-06-30 12:15:05 Success.
2024-06-30 12:15:05 Latest version is 1.6.5
2024-06-30 12:15:05 App is up to date.
2024-07-02 17:26:30 Loading main app package /usr/lib/obsidian/obsidian.asar
2024-07-02 17:26:30 Checking for update using Github
2024-07-02 17:26:30 Success.
2024-07-02 17:26:30 Latest version is 1.6.5
2024-07-02 17:26:30 App is up to date.
2024-07-04 13:19:51 Loading main app package /usr/lib/obsidian/obsidian.asar
2024-07-04 13:19:52 Checking for update using Github
2024-07-04 13:19:52 Success.
2024-07-04 13:19:52 Latest version is 1.6.5
2024-07-04 13:19:52 App is up to date.
2024-07-04 14:21:47 Checking for update using Github
2024-07-04 14:21:47 Success.
2024-07-04 14:21:47 Latest version is 1.6.5
2024-07-04 14:21:47 App is up to date.
2024-07-04 15:21:47 Checking for update using Github
2024-07-04 15:21:47 Success.
2024-07-04 15:21:47 Latest version is 1.6.5
2024-07-04 15:21:47 App is up to date.
2024-07-04 19:48:25 Checking for update using Github
2024-07-04 19:48:26 Success.
2024-07-04 19:48:26 Latest version is 1.6.5
2024-07-04 19:48:26 App is up to date.
2024-07-05 15:16:46 Loading main app package /usr/lib/obsidian/obsidian.asar
2024-07-05 15:16:47 Checking for update using Github
2024-07-05 15:16:47 Success.
2024-07-05 15:16:47 Latest version is 1.6.5
2024-07-05 15:16:47 App is up to date.
2024-07-06 18:18:29 Loading main app package /usr/lib/obsidian/obsidian.asar
2024-07-06 18:18:30 Checking for update using Github
2024-07-06 18:18:30 Success.
2024-07-06 18:18:30 Latest version is 1.6.5
2024-07-06 18:18:30 App is up to date.
2024-07-06 19:27:35 Loading main app package /usr/lib/obsidian/obsidian.asar
2024-07-06 19:27:36 Checking for update using Github
2024-07-06 19:27:36 Success.
2024-07-06 19:27:36 Latest version is 1.6.5
2024-07-06 19:27:36 App is up to date.
2024-07-06 20:49:42 Loading main app package /usr/lib/obsidian/obsidian.asar
2024-07-06 20:49:42 Checking for update using Github
2024-07-06 20:49:42 Success.
2024-07-06 20:49:42 Latest version is 1.6.5
2024-07-06 20:49:42 App is up to date.
2024-07-07 11:48:55 Loading main app package /usr/lib/obsidian/obsidian.asar
2024-07-07 11:48:56 Checking for update using Github
2024-07-07 11:48:56 Success.
2024-07-07 11:48:56 Latest version is 1.6.5
2024-07-07 11:48:56 App is up to date.
2024-07-08 14:10:54 Loading main app package /usr/lib/obsidian/obsidian.asar
2024-07-08 14:10:55 Checking for update using Github
2024-07-08 14:10:55 Success.
2024-07-08 14:10:55 Latest version is 1.6.5
2024-07-08 14:10:55 App is up to date.
2024-07-09 10:43:11 Loading main app package /usr/lib/obsidian/obsidian.asar
2024-07-09 10:43:12 Checking for update using Github
2024-07-09 10:43:12 Success.
2024-07-09 10:43:12 Latest version is 1.6.5
2024-07-09 10:43:12 App is up to date.
2024-07-09 10:48:55 Loading main app package /usr/lib/obsidian/obsidian.asar
2024-07-09 10:48:55 Checking for update using Github
2024-07-09 10:48:55 Success.
2024-07-09 10:48:55 Latest version is 1.6.5
2024-07-09 10:48:55 App is up to date.
2024-07-10 13:21:26 Loading main app package /usr/lib/obsidian/obsidian.asar
2024-07-10 13:21:26 Checking for update using Github
2024-07-10 13:21:26 Success.
2024-07-10 13:21:26 Latest version is 1.6.5
2024-07-10 13:21:26 App is up to date.
2024-07-10 14:21:26 Checking for update using Github
2024-07-10 14:21:26 Success.
2024-07-10 14:21:26 Latest version is 1.6.5
2024-07-10 14:21:26 App is up to date.
2024-07-11 22:48:10 Loading main app package /usr/lib/obsidian/obsidian.asar
2024-07-11 22:48:10 Checking for update using Github
2024-07-11 22:48:10 Success.
2024-07-11 22:48:10 Latest version is 1.6.5
2024-07-11 22:48:10 App is up to date.
2024-07-12 19:14:00 Loading main app package /usr/lib/obsidian/obsidian.asar
2024-07-12 19:14:00 Checking for update using Github
2024-07-12 19:14:01 Success.
2024-07-12 19:14:01 Latest version is 1.6.5
2024-07-12 19:14:01 App is up to date.
2024-07-14 17:51:23 Loading main app package /usr/lib/obsidian/obsidian.asar
2024-07-14 17:51:24 Checking for update using Github
2024-07-14 17:51:24 Failed to check for update using Github (net::ERR_INTERNET_DISCONNECTED)
2024-07-14 17:51:24 Checking for update using obsidian.md
2024-07-14 17:51:24 Failed to check for update using obsidian.md (net::ERR_INTERNET_DISCONNECTED)
2024-07-14 20:20:51 Loading main app package /usr/lib/obsidian/obsidian.asar
2024-07-14 20:20:51 Checking for update using Github
2024-07-14 20:20:51 Success.
2024-07-14 20:20:51 Latest version is 1.6.5
2024-07-14 20:20:51 App is up to date.
2024-07-14 20:56:35 Loading main app package /usr/lib/obsidian/obsidian.asar
2024-07-14 20:56:35 Checking for update using Github
2024-07-14 20:56:35 Success.
2024-07-14 20:56:35 Latest version is 1.6.5
2024-07-14 20:56:35 App is up to date.
2024-07-15 09:06:29 Loading main app package /usr/lib/obsidian/obsidian.asar
2024-07-15 09:06:30 Checking for update using Github
2024-07-15 09:06:30 Success.
2024-07-15 09:06:30 Latest version is 1.6.5
2024-07-15 09:06:30 App is up to date.
2024-07-15 10:24:09 Loading main app package /usr/lib/obsidian/obsidian.asar
2024-07-15 10:24:09 Checking for update using Github
2024-07-15 10:24:09 Success.
2024-07-15 10:24:09 Latest version is 1.6.5
2024-07-15 10:24:09 App is up to date.
2024-07-15 13:45:54 Loading main app package /usr/lib/obsidian/obsidian.asar
2024-07-15 13:45:55 Checking for update using Github
2024-07-15 13:45:55 Success.
2024-07-15 13:45:55 Latest version is 1.6.5
2024-07-15 13:45:55 App is up to date.
2024-07-16 09:58:44 Loading main app package /usr/lib/obsidian/obsidian.asar
2024-07-16 09:58:46 Checking for update using Github
2024-07-16 09:58:46 Success.
2024-07-16 09:58:46 Latest version is 1.6.5
2024-07-16 09:58:46 App is up to date.
2024-07-16 12:18:40 Loading main app package /usr/lib/obsidian/obsidian.asar
2024-07-16 12:18:40 Checking for update using Github
2024-07-16 12:18:40 Success.
2024-07-16 12:18:40 Latest version is 1.6.5
2024-07-16 12:18:40 App is up to date.
2024-07-16 13:18:40 Checking for update using Github
2024-07-16 13:18:40 Success.
2024-07-16 13:18:40 Latest version is 1.6.5
2024-07-16 13:18:40 App is up to date.
2024-07-16 14:18:40 Checking for update using Github
2024-07-16 14:18:40 Success.
2024-07-16 14:18:40 Latest version is 1.6.5
2024-07-16 14:18:40 App is up to date.
2024-07-20 10:07:39 Loading main app package /usr/lib/obsidian/obsidian.asar
2024-07-20 10:07:40 Checking for update using Github
2024-07-20 10:07:41 Success.
2024-07-20 10:07:41 Latest version is 1.6.7
2024-07-20 10:07:41 Downloading update from https://github.com/obsidianmd/obsidian-releases/releases/download/v1.6.7/obsidian-1.6.7.asar.gz
2024-07-20 10:07:41 Verifying hash & signature. Size= 7993245
2024-07-20 10:07:41 Saving file
2024-07-20 10:07:42 Update complete.
2024-07-22 08:41:02 Loading updated app package /home/zach/.config/obsidian/obsidian-1.6.7.asar
2024-07-22 08:41:03 Checking for update using Github
2024-07-22 08:41:04 Success.
2024-07-22 08:41:04 Latest version is 1.6.7
2024-07-22 08:41:04 App is up to date.
2024-07-23 13:22:10 Loading updated app package /home/zach/.config/obsidian/obsidian-1.6.7.asar
2024-07-23 13:22:11 Checking for update using Github
2024-07-23 13:22:12 Success.
2024-07-23 13:22:12 Latest version is 1.6.7
2024-07-23 13:22:12 App is up to date.
2024-07-23 14:22:10 Checking for update using Github
2024-07-23 14:22:10 Success.
2024-07-23 14:22:10 Latest version is 1.6.7
2024-07-23 14:22:10 App is up to date.
2024-07-23 20:42:56 Loading updated app package /home/zach/.config/obsidian/obsidian-1.6.7.asar
2024-07-23 20:42:56 Checking for update using Github
2024-07-23 20:42:56 Success.
2024-07-23 20:42:56 Latest version is 1.6.7
2024-07-23 20:42:56 App is up to date.
2024-07-24 08:47:17 Checking for update using Github
2024-07-24 08:47:17 Success.
2024-07-24 08:47:17 Latest version is 1.6.7
2024-07-24 08:47:17 App is up to date.
2024-07-29 09:24:12 Loading updated app package /home/zach/.config/obsidian/obsidian-1.6.7.asar
2024-07-29 09:24:14 Checking for update using Github
2024-07-29 09:24:14 Success.
2024-07-29 09:24:14 Latest version is 1.6.7
2024-07-29 09:24:14 App is up to date.
2024-07-29 10:24:12 Checking for update using Github
2024-07-29 10:24:12 Success.
2024-07-29 10:24:12 Latest version is 1.6.7
2024-07-29 10:24:12 App is up to date.
2024-08-02 07:28:39 Loading updated app package /home/zach/.config/obsidian/obsidian-1.6.7.asar
2024-08-02 07:28:39 Checking for update using Github
2024-08-02 07:28:40 Success.
2024-08-02 07:28:40 Latest version is 1.6.7
2024-08-02 07:28:40 App is up to date.
2024-09-21 08:26:15 Loading main app package /usr/lib/obsidian/obsidian.asar
2024-09-21 08:26:16 Checking for update using Github
2024-09-21 08:26:16 Success.
2024-09-21 08:26:16 Latest version is 1.6.7
2024-09-21 08:26:16 App is up to date.
2024-09-21 08:26:34 Loading main app package /usr/lib/obsidian/obsidian.asar
2024-09-21 08:26:34 Checking for update using Github
2024-09-21 08:26:34 Success.
2024-09-21 08:26:34 Latest version is 1.6.7
2024-09-21 08:26:34 App is up to date.
2024-09-21 12:22:27 Loading main app package /usr/lib/obsidian/obsidian.asar
2024-09-21 12:22:27 Checking for update using Github
2024-09-21 12:22:27 Success.
2024-09-21 12:22:27 Latest version is 1.6.7
2024-09-21 12:22:27 App is up to date.
2024-09-21 19:05:56 Loading main app package /usr/lib/obsidian/obsidian.asar
2024-09-21 19:05:56 Checking for update using Github
2024-09-21 19:05:56 Success.
2024-09-21 19:05:56 Latest version is 1.6.7
2024-09-21 19:05:56 App is up to date.
2024-09-22 15:56:12 Loading main app package /usr/lib/obsidian/obsidian.asar
2024-09-22 15:56:13 Checking for update using Github
2024-09-22 15:56:13 Success.
2024-09-22 15:56:13 Latest version is 1.6.7
2024-09-22 15:56:13 App is up to date.
2024-09-23 06:34:24 Loading main app package /usr/lib/obsidian/obsidian.asar
2024-09-23 06:34:25 Checking for update using Github
2024-09-23 06:34:25 Failed to check for update using Github (net::ERR_INTERNET_DISCONNECTED)
2024-09-23 06:34:25 Checking for update using obsidian.md
2024-09-23 06:34:25 Failed to check for update using obsidian.md (net::ERR_INTERNET_DISCONNECTED)
2024-09-23 07:21:43 Loading main app package /usr/lib/obsidian/obsidian.asar
2024-09-23 07:21:44 Checking for update using Github
2024-09-23 07:21:45 Success.
2024-09-23 07:21:45 Latest version is 1.6.7
2024-09-23 07:21:45 App is up to date.
2024-09-23 08:47:55 Checking for update using Github
2024-09-23 08:47:55 Success.
2024-09-23 08:47:55 Latest version is 1.6.7
2024-09-23 08:47:55 App is up to date.
2024-09-23 11:32:02 Loading main app package /usr/lib/obsidian/obsidian.asar
2024-09-23 11:32:03 Checking for update using Github
2024-09-23 11:32:04 Success.
2024-09-23 11:32:04 Latest version is 1.6.7
2024-09-23 11:32:04 App is up to date.
2024-09-23 20:13:19 Loading main app package /usr/lib/obsidian/obsidian.asar
2024-09-23 20:13:20 Checking for update using Github
2024-09-23 20:13:20 Success.
2024-09-23 20:13:20 Latest version is 1.6.7
2024-09-23 20:13:20 App is up to date.
2024-09-24 06:34:31 Loading main app package /usr/lib/obsidian/obsidian.asar
2024-09-24 06:34:32 Checking for update using Github
2024-09-24 06:34:33 Success.
2024-09-24 06:34:33 Latest version is 1.6.7
2024-09-24 06:34:33 App is up to date.
2024-09-24 07:16:45 Loading main app package /usr/lib/obsidian/obsidian.asar
2024-09-24 07:16:45 Checking for update using Github
2024-09-24 07:16:46 Success.
2024-09-24 07:16:46 Latest version is 1.6.7
2024-09-24 07:16:46 App is up to date.
2024-09-24 11:20:41 Loading main app package /usr/lib/obsidian/obsidian.asar
2024-09-24 11:20:42 Checking for update using Github
2024-09-24 11:20:44 Success.
2024-09-24 11:20:44 Latest version is 1.6.7
2024-09-24 11:20:44 App is up to date.
2024-09-24 17:41:32 Loading main app package /usr/lib/obsidian/obsidian.asar
2024-09-24 17:41:33 Checking for update using Github
2024-09-24 17:41:33 Success.
2024-09-24 17:41:33 Latest version is 1.6.7
2024-09-24 17:41:33 App is up to date.
2024-09-24 19:04:44 Loading main app package /usr/lib/obsidian/obsidian.asar
2024-09-24 19:04:45 Checking for update using Github
2024-09-24 19:06:18 Checking for update using Github
2024-09-24 19:06:18 Success.
2024-09-24 19:06:18 Latest version is 1.6.7
2024-09-24 19:06:18 App is up to date.
2024-09-24 19:24:36 Loading main app package /usr/lib/obsidian/obsidian.asar
2024-09-24 19:24:36 Checking for update using Github
2024-09-24 19:24:37 Success.
2024-09-24 19:24:37 Latest version is 1.6.7
2024-09-24 19:24:37 App is up to date.
2024-09-24 19:28:57 Loading main app package /usr/lib/obsidian/obsidian.asar
2024-09-24 19:28:57 Checking for update using Github
2024-09-24 19:47:55 Loading main app package /usr/lib/obsidian/obsidian.asar
2024-09-24 19:47:55 Checking for update using Github
2024-09-24 19:48:04 Loading main app package /usr/lib/obsidian/obsidian.asar
2024-09-24 19:48:04 Checking for update using Github
2024-09-24 19:48:04 Success.
2024-09-24 19:48:04 Latest version is 1.6.7
2024-09-24 19:48:04 App is up to date.
2024-09-24 20:00:59 Loading main app package /usr/lib/obsidian/obsidian.asar
2024-09-24 20:00:59 Checking for update using Github
2024-09-24 20:01:00 Success.
2024-09-24 20:01:00 Latest version is 1.6.7
2024-09-24 20:01:00 App is up to date.
2024-09-25 04:13:51 Loading main app package /usr/lib/obsidian/obsidian.asar
2024-09-25 04:13:51 Checking for update using Github
2024-09-25 04:13:51 Success.
2024-09-25 04:13:51 Latest version is 1.6.7
2024-09-25 04:13:51 App is up to date.
2024-09-25 04:46:38 Loading main app package /usr/lib/obsidian/obsidian.asar
2024-09-25 04:46:38 Checking for update using Github
2024-09-25 04:46:38 Success.
2024-09-25 04:46:38 Latest version is 1.6.7
2024-09-25 04:46:38 App is up to date.
2024-09-25 12:14:52 Loading main app package /usr/lib/obsidian/obsidian.asar
2024-09-25 12:14:53 Checking for update using Github
2024-09-25 12:14:53 Success.
2024-09-25 12:14:53 Latest version is 1.6.7
2024-09-25 12:14:53 App is up to date.
2024-09-25 12:30:48 Loading main app package /usr/lib/obsidian/obsidian.asar
2024-09-25 12:30:49 Checking for update using Github
2024-09-25 12:30:49 Success.
2024-09-25 12:30:49 Latest version is 1.6.7
2024-09-25 12:30:49 App is up to date.
2024-09-25 13:39:39 Loading main app package /usr/lib/obsidian/obsidian.asar
2024-09-25 13:39:40 Checking for update using Github
2024-09-25 13:39:40 Success.
2024-09-25 13:39:40 Latest version is 1.6.7
2024-09-25 13:39:40 App is up to date.
2024-09-25 13:53:00 Loading main app package /usr/lib/obsidian/obsidian.asar
2024-09-25 13:53:01 Checking for update using Github
2024-09-25 13:53:01 Failed to check for update using Github (net::ERR_INTERNET_DISCONNECTED)
2024-09-25 13:53:01 Checking for update using obsidian.md
2024-09-25 13:53:01 Failed to check for update using obsidian.md (net::ERR_INTERNET_DISCONNECTED)
2024-09-26 11:35:24 Loading main app package /usr/lib/obsidian/obsidian.asar
2024-09-26 11:35:25 Checking for update using Github
2024-09-26 11:35:25 Failed to check for update using Github (net::ERR_INTERNET_DISCONNECTED)
2024-09-26 11:35:25 Checking for update using obsidian.md
2024-09-26 11:35:25 Failed to check for update using obsidian.md (net::ERR_INTERNET_DISCONNECTED)
2024-09-26 12:15:20 Loading main app package /usr/lib/obsidian/obsidian.asar
2024-09-26 12:15:21 Checking for update using Github
2024-09-26 12:15:21 Failed to check for update using Github (net::ERR_INTERNET_DISCONNECTED)
2024-09-26 12:15:21 Checking for update using obsidian.md
2024-09-26 12:15:21 Failed to check for update using obsidian.md (net::ERR_INTERNET_DISCONNECTED)
2024-09-26 13:34:43 Loading main app package /usr/lib/obsidian/obsidian.asar
2024-09-26 13:34:44 Checking for update using Github
2024-09-27 15:22:14 Loading main app package /usr/lib/obsidian/obsidian.asar
2024-09-27 15:22:14 Checking for update using Github
2024-09-27 15:22:14 Success.
2024-09-27 15:22:14 Latest version is 1.6.7
2024-09-27 15:22:14 App is up to date.
2024-09-27 15:29:28 Loading main app package /usr/lib/obsidian/obsidian.asar
2024-09-27 15:29:28 Checking for update using Github
2024-09-28 21:16:30 Loading main app package /usr/lib/obsidian/obsidian.asar
2024-09-28 21:16:31 Checking for update using Github
2024-09-28 21:16:31 Success.
2024-09-28 21:16:31 Latest version is 1.6.7
2024-09-28 21:16:31 App is up to date.
2024-09-29 14:19:46 Loading main app package /usr/lib/obsidian/obsidian.asar
2024-09-29 14:19:47 Checking for update using Github
2024-09-29 14:19:47 Success.
2024-09-29 14:19:47 Latest version is 1.6.7
2024-09-29 14:19:47 App is up to date.
2024-09-29 14:32:24 Loading main app package /usr/lib/obsidian/obsidian.asar
2024-09-29 14:32:24 Checking for update using Github
2024-09-29 14:32:25 Success.
2024-09-29 14:32:25 Latest version is 1.6.7
2024-09-29 14:32:25 App is up to date.
2024-09-29 14:36:08 Loading main app package /usr/lib/obsidian/obsidian.asar
2024-09-29 14:36:09 Checking for update using Github
2024-09-29 14:36:09 Success.
2024-09-29 14:36:09 Latest version is 1.6.7
2024-09-29 14:36:09 App is up to date.
2024-09-29 14:36:20 Loading main app package /usr/lib/obsidian/obsidian.asar
2024-09-29 14:36:21 Checking for update using Github
2024-09-29 14:36:21 Success.
2024-09-29 14:36:21 Latest version is 1.6.7
2024-09-29 14:36:21 App is up to date.
2024-09-29 17:30:53 Checking for update using Github
2024-09-29 17:30:53 Success.
2024-09-29 17:30:53 Latest version is 1.6.7
2024-09-29 17:30:53 App is up to date.
2024-09-29 18:30:53 Checking for update using Github
2024-09-29 18:30:53 Success.
2024-09-29 18:30:53 Latest version is 1.6.7
2024-09-29 18:30:53 App is up to date.
2024-09-29 19:30:53 Checking for update using Github
2024-09-29 19:30:53 Success.
2024-09-29 19:30:53 Latest version is 1.6.7
2024-09-29 19:30:53 App is up to date.
2024-09-29 20:30:53 Checking for update using Github
2024-09-29 20:30:53 Success.
2024-09-29 20:30:53 Latest version is 1.6.7
2024-09-29 20:30:53 App is up to date.
2024-09-30 06:31:55 Loading main app package /usr/lib/obsidian/obsidian.asar
2024-09-30 06:31:57 Checking for update using Github
2024-09-30 06:31:57 Failed to check for update using Github (net::ERR_INTERNET_DISCONNECTED)
2024-09-30 06:31:57 Checking for update using obsidian.md
2024-09-30 06:31:57 Failed to check for update using obsidian.md (net::ERR_INTERNET_DISCONNECTED)
2024-09-30 07:32:23 Checking for update using Github
2024-09-30 07:32:23 Success.
2024-09-30 07:32:23 Latest version is 1.6.7
2024-09-30 07:32:23 App is up to date.
2024-10-02 11:15:01 Loading main app package /usr/lib/obsidian/obsidian.asar
2024-10-02 11:15:02 Checking for update using Github
2024-10-02 11:15:02 Success.
2024-10-02 11:15:02 Latest version is 1.6.7
2024-10-02 11:15:02 App is up to date.
2024-10-02 11:15:07 Loading main app package /usr/lib/obsidian/obsidian.asar
2024-10-02 11:15:07 Checking for update using Github
2024-10-02 12:02:37 Loading main app package /usr/lib/obsidian/obsidian.asar
2024-10-02 12:02:37 Checking for update using Github
2024-10-02 12:02:37 Success.
2024-10-02 12:02:37 Latest version is 1.6.7
2024-10-02 12:02:37 App is up to date.
2024-10-02 15:43:24 Loading main app package /usr/lib/obsidian/obsidian.asar
2024-10-02 15:43:25 Checking for update using Github
2024-10-02 15:43:25 Success.
2024-10-02 15:43:25 Latest version is 1.6.7
2024-10-02 15:43:25 App is up to date.
2024-10-02 16:43:24 Checking for update using Github
2024-10-02 16:43:24 Success.
2024-10-02 16:43:24 Latest version is 1.6.7
2024-10-02 16:43:24 App is up to date.
2024-10-02 18:02:25 Loading main app package /usr/lib/obsidian/obsidian.asar
2024-10-02 18:02:25 Checking for update using Github
2024-10-02 18:02:25 Success.
2024-10-02 18:02:25 Latest version is 1.6.7
2024-10-02 18:02:25 App is up to date.
2024-10-02 18:50:16 Loading main app package /usr/lib/obsidian/obsidian.asar
2024-10-02 18:50:16 Checking for update using Github
2024-10-02 18:50:17 Success.
2024-10-02 18:50:17 Latest version is 1.6.7
2024-10-02 18:50:17 App is up to date.
2024-10-02 19:22:59 Loading main app package /usr/lib/obsidian/obsidian.asar
2024-10-02 19:22:59 Checking for update using Github
2024-10-02 19:22:59 Success.
2024-10-02 19:22:59 Latest version is 1.6.7
2024-10-02 19:22:59 App is up to date.
2024-10-03 11:33:13 Loading main app package /usr/lib/obsidian/obsidian.asar
2024-10-03 11:33:14 Checking for update using Github
2024-10-03 11:33:14 Failed to check for update using Github (net::ERR_INTERNET_DISCONNECTED)
2024-10-03 11:33:14 Checking for update using obsidian.md
2024-10-03 11:33:14 Failed to check for update using obsidian.md (net::ERR_INTERNET_DISCONNECTED)
2024-10-03 19:12:56 Loading main app package /usr/lib/obsidian/obsidian.asar
2024-10-03 19:12:56 Checking for update using Github
2024-10-03 19:12:56 Success.
2024-10-03 19:12:56 Latest version is 1.6.7
2024-10-03 19:12:56 App is up to date.
2024-10-04 11:38:11 Loading main app package /usr/lib/obsidian/obsidian.asar
2024-10-04 11:38:12 Checking for update using Github
2024-10-04 11:38:13 Success.
2024-10-04 11:38:13 Latest version is 1.6.7
2024-10-04 11:38:13 App is up to date.
2024-10-04 14:18:30 Loading main app package /usr/lib/obsidian/obsidian.asar
2024-10-04 14:18:30 Checking for update using Github
2024-10-04 14:18:30 Success.
2024-10-04 14:18:30 Latest version is 1.6.7
2024-10-04 14:18:30 App is up to date.
2024-10-04 15:04:24 Loading main app package /usr/lib/obsidian/obsidian.asar
2024-10-04 15:04:25 Checking for update using Github
2024-10-04 15:04:25 Success.
2024-10-04 15:04:25 Latest version is 1.6.7
2024-10-04 15:04:25 App is up to date.
2024-10-04 15:13:27 Loading main app package /usr/lib/obsidian/obsidian.asar
2024-10-04 15:13:27 Checking for update using Github
2024-10-05 06:54:21 Loading main app package /usr/lib/obsidian/obsidian.asar
2024-10-05 06:54:21 Checking for update using Github
2024-10-05 06:54:22 Success.
2024-10-05 06:54:22 Latest version is 1.6.7
2024-10-05 06:54:22 App is up to date.
2024-10-05 07:03:38 Loading main app package /usr/lib/obsidian/obsidian.asar
2024-10-05 07:03:38 Checking for update using Github
2024-10-05 07:17:36 Loading main app package /usr/lib/obsidian/obsidian.asar
2024-10-05 07:17:36 Checking for update using Github
2024-10-05 07:17:36 Success.
2024-10-05 07:17:36 Latest version is 1.6.7
2024-10-05 07:17:36 App is up to date.
2024-10-05 07:17:46 Loading main app package /usr/lib/obsidian/obsidian.asar
2024-10-05 07:17:47 Checking for update using Github
2024-10-05 07:17:47 Success.
2024-10-05 07:17:47 Latest version is 1.6.7
2024-10-05 07:17:47 App is up to date.
2024-10-05 07:17:52 Loading main app package /usr/lib/obsidian/obsidian.asar
2024-10-05 07:17:53 Checking for update using Github
2024-10-05 07:17:53 Success.
2024-10-05 07:17:53 Latest version is 1.6.7
2024-10-05 07:17:53 App is up to date.
2024-10-05 08:04:09 Loading main app package /usr/lib/obsidian/obsidian.asar
2024-10-05 08:04:09 Checking for update using Github
2024-10-05 08:04:09 Success.
2024-10-05 08:04:09 Latest version is 1.6.7
2024-10-05 08:04:09 App is up to date.
2024-10-05 08:04:16 Loading main app package /usr/lib/obsidian/obsidian.asar
2024-10-05 08:04:16 Checking for update using Github
2024-10-05 08:04:16 Success.
2024-10-05 08:04:16 Latest version is 1.6.7
2024-10-05 08:04:16 App is up to date.
2024-10-05 09:04:16 Checking for update using Github
2024-10-05 09:04:16 Success.
2024-10-05 09:04:16 Latest version is 1.6.7
2024-10-05 09:04:16 App is up to date.
2024-10-05 12:16:32 Loading main app package /usr/lib/obsidian/obsidian.asar
2024-10-05 12:16:33 Checking for update using Github
2024-10-05 12:16:36 Success.
2024-10-05 12:16:36 Latest version is 1.6.7
2024-10-05 12:16:36 App is up to date.
2024-10-06 08:19:58 Loading main app package /usr/lib/obsidian/obsidian.asar
2024-10-06 08:19:59 Checking for update using Github
2024-10-06 08:20:00 Success.
2024-10-06 08:20:00 Latest version is 1.6.7
2024-10-06 08:20:00 App is up to date.
2024-10-06 08:42:53 Loading main app package /usr/lib/obsidian/obsidian.asar
2024-10-06 08:42:54 Checking for update using Github
2024-10-06 08:42:59 Success.
2024-10-06 08:42:59 Latest version is 1.6.7
2024-10-06 08:42:59 App is up to date.
2024-10-07 11:43:52 Loading main app package /usr/lib/obsidian/obsidian.asar
2024-10-07 11:43:53 Checking for update using Github
2024-10-07 11:43:53 Failed to check for update using Github (net::ERR_INTERNET_DISCONNECTED)
2024-10-07 11:43:53 Checking for update using obsidian.md
2024-10-07 11:43:53 Failed to check for update using obsidian.md (net::ERR_INTERNET_DISCONNECTED)
2024-10-08 07:20:24 Loading main app package /usr/lib/obsidian/obsidian.asar
2024-10-08 07:20:25 Checking for update using Github
2024-10-08 07:20:25 Failed to check for update using Github (net::ERR_INTERNET_DISCONNECTED)
2024-10-08 07:20:25 Checking for update using obsidian.md
2024-10-08 07:20:25 Failed to check for update using obsidian.md (net::ERR_INTERNET_DISCONNECTED)
2024-10-08 07:24:02 Loading main app package /usr/lib/obsidian/obsidian.asar
2024-10-08 07:24:03 Checking for update using Github
2024-10-08 07:24:03 Failed to check for update using Github (net::ERR_INTERNET_DISCONNECTED)
2024-10-08 07:24:03 Checking for update using obsidian.md
2024-10-08 07:24:03 Failed to check for update using obsidian.md (net::ERR_INTERNET_DISCONNECTED)
2024-10-08 18:33:20 Loading main app package /usr/lib/obsidian/obsidian.asar
2024-10-08 18:33:20 Checking for update using Github
2024-10-08 18:33:20 Success.
2024-10-08 18:33:20 Latest version is 1.6.7
2024-10-08 18:33:20 App is up to date.
2024-10-08 18:53:35 Loading main app package /usr/lib/obsidian/obsidian.asar
2024-10-08 18:53:35 Checking for update using Github
2024-10-08 19:33:20 Checking for update using Github
2024-10-08 19:33:20 Success.
2024-10-08 19:33:20 Latest version is 1.6.7
2024-10-08 19:33:20 App is up to date.
2024-10-08 20:09:41 Loading main app package /usr/lib/obsidian/obsidian.asar
2024-10-08 20:09:42 Checking for update using Github
2024-10-08 20:09:42 Success.
2024-10-08 20:09:42 Latest version is 1.6.7
2024-10-08 20:09:42 App is up to date.
2024-10-09 12:21:43 Loading main app package /usr/lib/obsidian/obsidian.asar
2024-10-09 12:21:43 Checking for update using Github
2024-10-09 12:21:43 Success.
2024-10-09 12:21:43 Latest version is 1.6.7
2024-10-09 12:21:43 App is up to date.
2024-10-09 13:56:48 Loading main app package /usr/lib/obsidian/obsidian.asar
2024-10-09 13:56:48 Checking for update using Github
2024-10-09 13:56:48 Success.
2024-10-09 13:56:48 Latest version is 1.6.7
2024-10-09 13:56:48 App is up to date.
2024-10-09 14:56:48 Checking for update using Github
2024-10-09 14:56:48 Success.
2024-10-09 14:56:48 Latest version is 1.6.7
2024-10-09 14:56:48 App is up to date.
2024-10-09 16:34:48 Loading main app package /usr/lib/obsidian/obsidian.asar
2024-10-09 16:34:49 Checking for update using Github
2024-10-09 16:34:49 Success.
2024-10-09 16:34:49 Latest version is 1.6.7
2024-10-09 16:34:49 App is up to date.
2024-10-10 11:56:55 Loading main app package /usr/lib/obsidian/obsidian.asar
2024-10-10 11:56:57 Checking for update using Github
2024-10-10 11:56:57 Failed to check for update using Github (net::ERR_INTERNET_DISCONNECTED)
2024-10-10 11:56:57 Checking for update using obsidian.md
2024-10-10 11:56:57 Failed to check for update using obsidian.md (net::ERR_INTERNET_DISCONNECTED)
2024-10-10 15:05:54 Loading main app package /usr/lib/obsidian/obsidian.asar
2024-10-10 15:05:55 Checking for update using Github
2024-10-10 15:05:55 Success.
2024-10-10 15:05:55 Latest version is 1.6.7
2024-10-10 15:05:55 App is up to date.
2024-10-10 15:09:04 Loading main app package /usr/lib/obsidian/obsidian.asar
2024-10-10 15:09:04 Checking for update using Github
2024-10-10 15:09:04 Success.
2024-10-10 15:09:04 Latest version is 1.6.7
2024-10-10 15:09:04 App is up to date.
2024-10-10 20:01:44 Loading main app package /usr/lib/obsidian/obsidian.asar
2024-10-10 20:01:45 Checking for update using Github
2024-10-10 20:01:45 Success.
2024-10-10 20:01:45 Latest version is 1.6.7
2024-10-10 20:01:45 App is up to date.
2024-10-11 13:49:41 Loading main app package /usr/lib/obsidian/obsidian.asar
2024-10-11 13:49:41 Checking for update using Github
2024-10-11 13:49:42 Success.
2024-10-11 13:49:42 Latest version is 1.6.7
2024-10-11 13:49:42 App is up to date.
2024-10-11 14:18:57 Loading main app package /usr/lib/obsidian/obsidian.asar
2024-10-11 14:18:57 Checking for update using Github
2024-10-11 14:49:41 Checking for update using Github
2024-10-11 14:49:41 Success.
2024-10-11 14:49:41 Latest version is 1.6.7
2024-10-11 14:49:41 App is up to date.
2024-10-11 15:49:41 Checking for update using Github
2024-10-11 15:49:41 Success.
2024-10-11 15:49:41 Latest version is 1.6.7
2024-10-11 15:49:41 App is up to date.
2024-10-11 16:22:14 Loading main app package /usr/lib/obsidian/obsidian.asar
2024-10-11 16:22:14 Checking for update using Github
2024-10-11 16:49:41 Checking for update using Github
2024-10-11 16:49:41 Success.
2024-10-11 16:49:41 Latest version is 1.6.7
2024-10-11 16:49:41 App is up to date.
2024-10-11 16:53:47 Loading main app package /usr/lib/obsidian/obsidian.asar
2024-10-11 16:53:47 Checking for update using Github
2024-10-11 16:53:47 Success.
2024-10-11 16:53:47 Latest version is 1.6.7
2024-10-11 16:53:47 App is up to date.
2024-10-11 17:01:10 Loading main app package /usr/lib/obsidian/obsidian.asar
2024-10-11 17:01:10 Checking for update using Github
2024-10-11 17:01:10 Success.
2024-10-11 17:01:10 Latest version is 1.6.7
2024-10-11 17:01:10 App is up to date.
2024-10-12 06:34:01 Loading main app package /usr/lib/obsidian/obsidian.asar
2024-10-12 06:34:01 Checking for update using Github
2024-10-12 06:34:02 Success.
2024-10-12 06:34:02 Latest version is 1.6.7
2024-10-12 06:34:02 App is up to date.
2024-10-12 07:34:01 Checking for update using Github
2024-10-12 07:34:01 Success.
2024-10-12 07:34:01 Latest version is 1.6.7
2024-10-12 07:34:01 App is up to date.
2024-10-12 08:10:19 Loading main app package /usr/lib/obsidian/obsidian.asar
2024-10-12 08:10:19 Checking for update using Github
2024-10-12 08:10:19 Success.
2024-10-12 08:10:19 Latest version is 1.6.7
2024-10-12 08:10:19 App is up to date.
2024-10-12 08:10:23 Loading main app package /usr/lib/obsidian/obsidian.asar
2024-10-12 08:10:23 Checking for update using Github
2024-10-12 08:10:23 Success.
2024-10-12 08:10:23 Latest version is 1.6.7
2024-10-12 08:10:23 App is up to date.
2024-10-12 08:22:04 Loading main app package /usr/lib/obsidian/obsidian.asar
2024-10-12 08:22:04 Checking for update using Github
2024-10-12 08:22:04 Success.
2024-10-12 08:22:04 Latest version is 1.6.7
2024-10-12 08:22:04 App is up to date.
2024-10-12 09:22:04 Checking for update using Github
2024-10-12 09:22:04 Success.
2024-10-12 09:22:04 Latest version is 1.6.7
2024-10-12 09:22:04 App is up to date.
2024-10-12 10:22:04 Checking for update using Github
2024-10-12 10:22:04 Success.
2024-10-12 10:22:04 Latest version is 1.6.7
2024-10-12 10:22:04 App is up to date.
2024-10-12 11:22:04 Checking for update using Github
2024-10-12 11:22:04 Success.
2024-10-12 11:22:04 Latest version is 1.6.7
2024-10-12 11:22:04 App is up to date.
2024-10-12 12:03:28 Loading main app package /usr/lib/obsidian/obsidian.asar
2024-10-12 12:03:29 Checking for update using Github
2024-10-12 12:22:04 Checking for update using Github
2024-10-12 12:22:04 Success.
2024-10-12 12:22:04 Latest version is 1.6.7
2024-10-12 12:22:04 App is up to date.
2024-10-12 12:45:43 Loading main app package /usr/lib/obsidian/obsidian.asar
2024-10-12 12:45:43 Checking for update using Github
2024-10-12 12:45:43 Success.
2024-10-12 12:45:43 Latest version is 1.6.7
2024-10-12 12:45:43 App is up to date.
2024-10-12 13:42:35 Loading main app package /usr/lib/obsidian/obsidian.asar
2024-10-12 13:42:35 Checking for update using Github
2024-10-12 13:42:35 Success.
2024-10-12 13:42:35 Latest version is 1.6.7
2024-10-12 13:42:35 App is up to date.
2024-10-12 14:13:49 Loading main app package /usr/lib/obsidian/obsidian.asar
2024-10-12 14:13:49 Checking for update using Github
2024-10-12 14:13:49 Success.
2024-10-12 14:13:49 Latest version is 1.6.7
2024-10-12 14:13:49 App is up to date.
2024-10-12 15:13:49 Checking for update using Github
2024-10-12 15:13:49 Success.
2024-10-12 15:13:49 Latest version is 1.6.7
2024-10-12 15:13:49 App is up to date.
2024-10-12 16:13:49 Checking for update using Github
2024-10-12 16:13:49 Success.
2024-10-12 16:13:49 Latest version is 1.6.7
2024-10-12 16:13:49 App is up to date.
2024-10-12 17:13:49 Checking for update using Github
2024-10-12 17:13:49 Success.
2024-10-12 17:13:49 Latest version is 1.6.7
2024-10-12 17:13:49 App is up to date.
2024-10-12 18:13:49 Checking for update using Github
2024-10-12 18:13:49 Success.
2024-10-12 18:13:49 Latest version is 1.6.7
2024-10-12 18:13:49 App is up to date.
2024-10-12 20:25:25 Loading main app package /usr/lib/obsidian/obsidian.asar
2024-10-12 20:25:26 Checking for update using Github
2024-10-12 20:25:26 Success.
2024-10-12 20:25:26 Latest version is 1.6.7
2024-10-12 20:25:26 App is up to date.
2024-10-13 06:55:36 Loading main app package /usr/lib/obsidian/obsidian.asar
2024-10-13 06:55:37 Checking for update using Github
2024-10-13 06:55:37 Success.
2024-10-13 06:55:37 Latest version is 1.6.7
2024-10-13 06:55:37 App is up to date.
2024-10-13 12:07:59 Loading main app package /usr/lib/obsidian/obsidian.asar
2024-10-13 12:08:00 Checking for update using Github
2024-10-13 12:08:00 Success.
2024-10-13 12:08:00 Latest version is 1.6.7
2024-10-13 12:08:00 App is up to date.
2024-10-13 13:07:59 Checking for update using Github
2024-10-13 13:07:59 Success.
2024-10-13 13:07:59 Latest version is 1.6.7
2024-10-13 13:07:59 App is up to date.
2024-10-13 14:07:59 Checking for update using Github
2024-10-13 14:07:59 Success.
2024-10-13 14:07:59 Latest version is 1.6.7
2024-10-13 14:07:59 App is up to date.
2024-10-13 15:49:20 Checking for update using Github
2024-10-13 15:49:20 Success.
2024-10-13 15:49:20 Latest version is 1.6.7
2024-10-13 15:49:20 App is up to date.
2024-10-14 06:35:26 Loading main app package /usr/lib/obsidian/obsidian.asar
2024-10-14 06:35:27 Checking for update using Github
2024-10-14 06:35:27 Failed to check for update using Github (net::ERR_INTERNET_DISCONNECTED)
2024-10-14 06:35:27 Checking for update using obsidian.md
2024-10-14 06:35:27 Failed to check for update using obsidian.md (net::ERR_INTERNET_DISCONNECTED)
2024-10-14 07:44:19 Checking for update using Github
2024-10-14 07:44:19 Success.
2024-10-14 07:44:19 Latest version is 1.6.7
2024-10-14 07:44:19 App is up to date.
